build/app/intermediates/manifest_merge_blame_file/debug/manifest-merger-blame-debug-report.txt
1<?xml version="1.0" encoding="utf-8"?>
2<manifest xmlns:android="http://schemas.android.com/apk/res/android"
3    package="com.app.hajji.hajjiapp"
4    android:versionCode="1"
5    android:versionName="1.0.0" >
6
7    <uses-sdk
8        android:minSdkVersion="21"
9        android:targetSdkVersion="33" />
10    <!--
11         The INTERNET permission is required for development. Specifically,
12         the Flutter tool needs it to communicate with the running application
13         to allow setting breakpoints, to provide hot reload, etc.
14    -->
15    <uses-permission android:name="android.permission.INTERNET" />
15-->src/debug/AndroidManifest.xml:6:5-66
15-->src/debug/AndroidManifest.xml:6:22-64
16    <uses-permission
16-->[:file_picker] AndroidManifest.xml:9:5-11:38
17        android:name="android.permission.READ_EXTERNAL_STORAGE"
17-->[:file_picker] AndroidManifest.xml:10:9-64
18        android:maxSdkVersion="32" />
18-->[:file_picker] AndroidManifest.xml:11:9-35
19
20    <queries>
20-->[:file_picker] AndroidManifest.xml:13:5-19:15
21        <intent>
21-->[:file_picker] AndroidManifest.xml:14:9-18:18
22            <action android:name="android.intent.action.GET_CONTENT" />
22-->[:file_picker] AndroidManifest.xml:15:13-72
22-->[:file_picker] AndroidManifest.xml:15:21-69
23
24            <data android:mimeType="*/*" />
24-->[:file_picker] AndroidManifest.xml:17:13-44
24-->[:file_picker] AndroidManifest.xml:17:19-41
25        </intent>
26
27        <package android:name="com.app.hajji.hajjiapp" />
27-->[:images_picker] AndroidManifest.xml:10:9-52
27-->[:images_picker] AndroidManifest.xml:10:18-49
28
29        <intent>
29-->[:images_picker] AndroidManifest.xml:12:9-14:18
30            <action android:name="android.media.action.IMAGE_CAPTURE" />
30-->[:images_picker] AndroidManifest.xml:13:13-73
30-->[:images_picker] AndroidManifest.xml:13:21-70
31        </intent>
32        <intent>
32-->[:images_picker] AndroidManifest.xml:15:9-17:18
33            <action android:name="android.media.action.ACTION_VIDEO_CAPTURE" />
33-->[:images_picker] AndroidManifest.xml:16:13-80
33-->[:images_picker] AndroidManifest.xml:16:21-77
34        </intent>
35    </queries>
36
37    <uses-permission android:name="android.permission.ACCESS_NETWORK_STATE" />
37-->[:connectivity_plus] AndroidManifest.xml:9:5-79
37-->[:connectivity_plus] AndroidManifest.xml:9:22-76
38    <uses-permission android:name="android.permission.WRITE_EXTERNAL_STORAGE" />
38-->[:images_picker] AndroidManifest.xml:21:5-81
38-->[:images_picker] AndroidManifest.xml:21:22-78
39    <uses-permission android:name="android.permission.CAMERA" />
39-->[:images_picker] AndroidManifest.xml:22:5-65
39-->[:images_picker] AndroidManifest.xml:22:22-62
40    <uses-permission android:name="android.permission.RECORD_AUDIO" />
40-->[:images_picker] AndroidManifest.xml:23:5-71
40-->[:images_picker] AndroidManifest.xml:23:22-68
41
42    <permission
42-->[androidx.core:core:1.10.1] AndroidManifest.xml:22:5-24:47
43        android:name="com.app.hajji.hajjiapp.DYNAMIC_RECEIVER_NOT_EXPORTED_PERMISSION"
43-->[androidx.core:core:1.10.1] AndroidManifest.xml:23:9-81
44        android:protectionLevel="signature" />
44-->[androidx.core:core:1.10.1] AndroidManifest.xml:24:9-44
45
46    <uses-permission android:name="com.app.hajji.hajjiapp.DYNAMIC_RECEIVER_NOT_EXPORTED_PERMISSION" />
46-->[androidx.core:core:1.10.1] AndroidManifest.xml:26:5-97
46-->[androidx.core:core:1.10.1] AndroidManifest.xml:26:22-94
47
48    <application
49        android:name="android.app.Application"
50        android:appComponentFactory="androidx.core.app.CoreComponentFactory"
50-->[androidx.core:core:1.10.1] AndroidManifest.xml:28:18-86
51        android:debuggable="true"
52        android:icon="@mipmap/ic_launcher"
53        android:label="hajjiapp" >
54        <activity
55            android:name="com.app.hajji.hajjiapp.MainActivity"
56            android:configChanges="orientation|keyboardHidden|keyboard|screenSize|smallestScreenSize|locale|layoutDirection|fontScale|screenLayout|density|uiMode"
57            android:exported="true"
58            android:hardwareAccelerated="true"
59            android:launchMode="singleTop"
60            android:theme="@style/LaunchTheme"
61            android:windowSoftInputMode="adjustResize" >
62
63            <!--
64                 Specifies an Android theme to apply to this Activity as soon as
65                 the Android process has started. This theme is visible to the user
66                 while the Flutter UI initializes. After that, this theme continues
67                 to determine the Window background behind the Flutter UI.
68            -->
69            <meta-data
70                android:name="io.flutter.embedding.android.NormalTheme"
71                android:resource="@style/NormalTheme" />
72
73            <intent-filter>
74                <action android:name="android.intent.action.MAIN" />
75
76                <category android:name="android.intent.category.LAUNCHER" />
77            </intent-filter>
78        </activity>
79        <!--
80             Don't delete the meta-data below.
81             This is used by the Flutter tool to generate GeneratedPluginRegistrant.java
82        -->
83        <meta-data
84            android:name="flutterEmbedding"
85            android:value="2" />
86
87        <service
87-->[:geolocator_android] AndroidManifest.xml:10:9-14:56
88            android:name="com.baseflow.geolocator.GeolocatorLocationService"
88-->[:geolocator_android] AndroidManifest.xml:11:13-77
89            android:enabled="true"
89-->[:geolocator_android] AndroidManifest.xml:12:13-35
90            android:exported="false"
90-->[:geolocator_android] AndroidManifest.xml:13:13-37
91            android:foregroundServiceType="location" />
91-->[:geolocator_android] AndroidManifest.xml:14:13-53
92
93        <provider
93-->[:image_picker_android] AndroidManifest.xml:10:9-18:20
94            android:name="io.flutter.plugins.imagepicker.ImagePickerFileProvider"
94-->[:image_picker_android] AndroidManifest.xml:11:13-82
95            android:authorities="com.app.hajji.hajjiapp.flutter.image_provider"
95-->[:image_picker_android] AndroidManifest.xml:12:13-74
96            android:exported="false"
96-->[:image_picker_android] AndroidManifest.xml:13:13-37
97            android:grantUriPermissions="true" >
97-->[:image_picker_android] AndroidManifest.xml:14:13-47
98            <meta-data
98-->[:image_picker_android] AndroidManifest.xml:15:13-17:75
99                android:name="android.support.FILE_PROVIDER_PATHS"
99-->[:image_picker_android] AndroidManifest.xml:16:17-67
100                android:resource="@xml/flutter_image_picker_file_paths" />
100-->[:image_picker_android] AndroidManifest.xml:17:17-72
101        </provider>
102        <provider
102-->[io.github.lucksiege:pictureselector:v2.7.3-rc10] AndroidManifest.xml:13:9-22:20
103            android:name="com.luck.picture.lib.PictureFileProvider"
103-->[io.github.lucksiege:pictureselector:v2.7.3-rc10] AndroidManifest.xml:14:13-68
104            android:authorities="com.app.hajji.hajjiapp.luckProvider"
104-->[io.github.lucksiege:pictureselector:v2.7.3-rc10] AndroidManifest.xml:15:13-64
105            android:exported="false"
105-->[io.github.lucksiege:pictureselector:v2.7.3-rc10] AndroidManifest.xml:16:13-37
106            android:grantUriPermissions="true" >
106-->[io.github.lucksiege:pictureselector:v2.7.3-rc10] AndroidManifest.xml:17:13-47
107            <meta-data
107-->[:image_picker_android] AndroidManifest.xml:15:13-17:75
108                android:name="android.support.FILE_PROVIDER_PATHS"
108-->[:image_picker_android] AndroidManifest.xml:16:17-67
109                android:resource="@xml/file_paths" >
109-->[:image_picker_android] AndroidManifest.xml:17:17-72
110            </meta-data>
111        </provider>
112
113        <activity
113-->[io.github.lucksiege:pictureselector:v2.7.3-rc10] AndroidManifest.xml:24:9-27:20
114            android:name="com.luck.picture.lib.PictureSelectorActivity"
114-->[io.github.lucksiege:pictureselector:v2.7.3-rc10] AndroidManifest.xml:25:13-72
115            android:configChanges="orientation|keyboardHidden|screenSize" >
115-->[io.github.lucksiege:pictureselector:v2.7.3-rc10] AndroidManifest.xml:26:13-74
116        </activity>
117        <activity
117-->[io.github.lucksiege:pictureselector:v2.7.3-rc10] AndroidManifest.xml:28:9-31:20
118            android:name="com.luck.picture.lib.PictureSelectorWeChatStyleActivity"
118-->[io.github.lucksiege:pictureselector:v2.7.3-rc10] AndroidManifest.xml:29:13-83
119            android:configChanges="orientation|keyboardHidden|screenSize" >
119-->[io.github.lucksiege:pictureselector:v2.7.3-rc10] AndroidManifest.xml:30:13-74
120        </activity>
121        <activity
121-->[io.github.lucksiege:pictureselector:v2.7.3-rc10] AndroidManifest.xml:32:9-36:20
122            android:name="com.luck.picture.lib.PictureSelectorCameraEmptyActivity"
122-->[io.github.lucksiege:pictureselector:v2.7.3-rc10] AndroidManifest.xml:33:13-83
123            android:configChanges="orientation|keyboardHidden|screenSize"
123-->[io.github.lucksiege:pictureselector:v2.7.3-rc10] AndroidManifest.xml:34:13-74
124            android:theme="@style/Picture.Theme.Translucent" >
124-->[io.github.lucksiege:pictureselector:v2.7.3-rc10] AndroidManifest.xml:35:13-61
125        </activity>
126        <activity
126-->[io.github.lucksiege:pictureselector:v2.7.3-rc10] AndroidManifest.xml:37:9-40:20
127            android:name="com.luck.picture.lib.PictureCustomCameraActivity"
127-->[io.github.lucksiege:pictureselector:v2.7.3-rc10] AndroidManifest.xml:38:13-76
128            android:configChanges="orientation|keyboardHidden|screenSize" >
128-->[io.github.lucksiege:pictureselector:v2.7.3-rc10] AndroidManifest.xml:39:13-74
129        </activity>
130        <activity
130-->[io.github.lucksiege:pictureselector:v2.7.3-rc10] AndroidManifest.xml:41:9-44:20
131            android:name="com.luck.picture.lib.PicturePreviewActivity"
131-->[io.github.lucksiege:pictureselector:v2.7.3-rc10] AndroidManifest.xml:42:13-71
132            android:configChanges="orientation|keyboardHidden|screenSize" >
132-->[io.github.lucksiege:pictureselector:v2.7.3-rc10] AndroidManifest.xml:43:13-74
133        </activity>
134        <activity
134-->[io.github.lucksiege:pictureselector:v2.7.3-rc10] AndroidManifest.xml:45:9-48:20
135            android:name="com.luck.picture.lib.PictureSelectorPreviewWeChatStyleActivity"
135-->[io.github.lucksiege:pictureselector:v2.7.3-rc10] AndroidManifest.xml:46:13-90
136            android:configChanges="orientation|keyboardHidden|screenSize" >
136-->[io.github.lucksiege:pictureselector:v2.7.3-rc10] AndroidManifest.xml:47:13-74
137        </activity>
138        <activity
138-->[io.github.lucksiege:pictureselector:v2.7.3-rc10] AndroidManifest.xml:49:9-53:20
139            android:name="com.luck.picture.lib.PictureVideoPlayActivity"
139-->[io.github.lucksiege:pictureselector:v2.7.3-rc10] AndroidManifest.xml:50:13-73
140            android:configChanges="orientation|keyboardHidden|screenSize"
140-->[io.github.lucksiege:pictureselector:v2.7.3-rc10] AndroidManifest.xml:51:13-74
141            android:screenOrientation="sensor" >
141-->[io.github.lucksiege:pictureselector:v2.7.3-rc10] AndroidManifest.xml:52:13-47
142        </activity>
143        <activity
143-->[io.github.lucksiege:pictureselector:v2.7.3-rc10] AndroidManifest.xml:54:9-57:20
144            android:name="com.luck.picture.lib.PictureExternalPreviewActivity"
144-->[io.github.lucksiege:pictureselector:v2.7.3-rc10] AndroidManifest.xml:55:13-79
145            android:configChanges="orientation|keyboardHidden|screenSize" >
145-->[io.github.lucksiege:pictureselector:v2.7.3-rc10] AndroidManifest.xml:56:13-74
146        </activity>
147        <activity
147-->[io.github.lucksiege:pictureselector:v2.7.3-rc10] AndroidManifest.xml:58:9-61:20
148            android:name="com.luck.picture.lib.PicturePlayAudioActivity"
148-->[io.github.lucksiege:pictureselector:v2.7.3-rc10] AndroidManifest.xml:59:13-73
149            android:configChanges="orientation|keyboardHidden|screenSize" >
149-->[io.github.lucksiege:pictureselector:v2.7.3-rc10] AndroidManifest.xml:60:13-74
150        </activity>
151        <activity
151-->[io.github.lucksiege:pictureselector:v2.7.3-rc10] AndroidManifest.xml:62:9-65:20
152            android:name="com.yalantis.ucrop.UCropActivity"
152-->[io.github.lucksiege:pictureselector:v2.7.3-rc10] AndroidManifest.xml:63:13-60
153            android:theme="@style/Base.Theme.NoActionBar" >
153-->[io.github.lucksiege:pictureselector:v2.7.3-rc10] AndroidManifest.xml:64:13-58
154        </activity>
155        <activity
155-->[io.github.lucksiege:pictureselector:v2.7.3-rc10] AndroidManifest.xml:66:9-69:20
156            android:name="com.yalantis.ucrop.PictureMultiCuttingActivity"
156-->[io.github.lucksiege:pictureselector:v2.7.3-rc10] AndroidManifest.xml:67:13-74
157            android:theme="@style/Base.Theme.NoActionBar" >
157-->[io.github.lucksiege:pictureselector:v2.7.3-rc10] AndroidManifest.xml:68:13-58
158        </activity>
159        <activity
159-->[com.google.android.gms:play-services-base:18.1.0] AndroidManifest.xml:20:9-22:45
160            android:name="com.google.android.gms.common.api.GoogleApiActivity"
160-->[com.google.android.gms:play-services-base:18.1.0] AndroidManifest.xml:20:19-85
161            android:exported="false"
161-->[com.google.android.gms:play-services-base:18.1.0] AndroidManifest.xml:22:19-43
162            android:theme="@android:style/Theme.Translucent.NoTitleBar" />
162-->[com.google.android.gms:play-services-base:18.1.0] AndroidManifest.xml:21:19-78
163
164        <meta-data
164-->[com.google.android.gms:play-services-basement:18.1.0] AndroidManifest.xml:21:9-23:69
165            android:name="com.google.android.gms.version"
165-->[com.google.android.gms:play-services-basement:18.1.0] AndroidManifest.xml:22:13-58
166            android:value="@integer/google_play_services_version" />
166-->[com.google.android.gms:play-services-basement:18.1.0] AndroidManifest.xml:23:13-66
167
168        <uses-library
168-->[androidx.window:window:1.0.0-beta04] AndroidManifest.xml:25:9-27:40
169            android:name="androidx.window.extensions"
169-->[androidx.window:window:1.0.0-beta04] AndroidManifest.xml:26:13-54
170            android:required="false" />
170-->[androidx.window:window:1.0.0-beta04] AndroidManifest.xml:27:13-37
171        <uses-library
171-->[androidx.window:window:1.0.0-beta04] AndroidManifest.xml:28:9-30:40
172            android:name="androidx.window.sidecar"
172-->[androidx.window:window:1.0.0-beta04] AndroidManifest.xml:29:13-51
173            android:required="false" />
173-->[androidx.window:window:1.0.0-beta04] AndroidManifest.xml:30:13-37
174        <!--
175        Service for holding metadata. Cannot be instantiated.
176        Metadata will be merged from other manifests.
177        -->
178        <service
178-->[androidx.camera:camera-core:1.1.0-alpha10] AndroidManifest.xml:31:9-35:45
179            android:name="androidx.camera.core.impl.MetadataHolderService"
179-->[androidx.camera:camera-core:1.1.0-alpha10] AndroidManifest.xml:32:13-75
180            android:enabled="false"
180-->[androidx.camera:camera-core:1.1.0-alpha10] AndroidManifest.xml:33:13-36
181            android:exported="false" />
181-->[androidx.camera:camera-core:1.1.0-alpha10] AndroidManifest.xml:34:13-37
182
183        <provider
183-->[androidx.profileinstaller:profileinstaller:1.3.0] AndroidManifest.xml:24:9-32:20
184            android:name="androidx.startup.InitializationProvider"
184-->[androidx.profileinstaller:profileinstaller:1.3.0] AndroidManifest.xml:25:13-67
185            android:authorities="com.app.hajji.hajjiapp.androidx-startup"
185-->[androidx.profileinstaller:profileinstaller:1.3.0] AndroidManifest.xml:26:13-68
186            android:exported="false" >
186-->[androidx.profileinstaller:profileinstaller:1.3.0] AndroidManifest.xml:27:13-37
187            <meta-data
187-->[androidx.profileinstaller:profileinstaller:1.3.0] AndroidManifest.xml:29:13-31:52
188                android:name="androidx.profileinstaller.ProfileInstallerInitializer"
188-->[androidx.profileinstaller:profileinstaller:1.3.0] AndroidManifest.xml:30:17-85
189                android:value="androidx.startup" />
189-->[androidx.profileinstaller:profileinstaller:1.3.0] AndroidManifest.xml:31:17-49
190        </provider>
191
192        <receiver
192-->[androidx.profileinstaller:profileinstaller:1.3.0] AndroidManifest.xml:34:9-52:20
193            android:name="androidx.profileinstaller.ProfileInstallReceiver"
193-->[androidx.profileinstaller:profileinstaller:1.3.0] AndroidManifest.xml:35:13-76
194            android:directBootAware="false"
194-->[androidx.profileinstaller:profileinstaller:1.3.0] AndroidManifest.xml:36:13-44
195            android:enabled="true"
195-->[androidx.profileinstaller:profileinstaller:1.3.0] AndroidManifest.xml:37:13-35
196            android:exported="true"
196-->[androidx.profileinstaller:profileinstaller:1.3.0] AndroidManifest.xml:38:13-36
197            android:permission="android.permission.DUMP" >
197-->[androidx.profileinstaller:profileinstaller:1.3.0] AndroidManifest.xml:39:13-57
198            <intent-filter>
198-->[androidx.profileinstaller:profileinstaller:1.3.0] AndroidManifest.xml:40:13-42:29
199                <action android:name="androidx.profileinstaller.action.INSTALL_PROFILE" />
199-->[androidx.profileinstaller:profileinstaller:1.3.0] AndroidManifest.xml:41:17-91
199-->[androidx.profileinstaller:profileinstaller:1.3.0] AndroidManifest.xml:41:25-88
200            </intent-filter>
201            <intent-filter>
201-->[androidx.profileinstaller:profileinstaller:1.3.0] AndroidManifest.xml:43:13-45:29
202                <action android:name="androidx.profileinstaller.action.SKIP_FILE" />
202-->[androidx.profileinstaller:profileinstaller:1.3.0] AndroidManifest.xml:44:17-85
202-->[androidx.profileinstaller:profileinstaller:1.3.0] AndroidManifest.xml:44:25-82
203            </intent-filter>
204            <intent-filter>
204-->[androidx.profileinstaller:profileinstaller:1.3.0] AndroidManifest.xml:46:13-48:29
205                <action android:name="androidx.profileinstaller.action.SAVE_PROFILE" />
205-->[androidx.profileinstaller:profileinstaller:1.3.0] AndroidManifest.xml:47:17-88
205-->[androidx.profileinstaller:profileinstaller:1.3.0] AndroidManifest.xml:47:25-85
206            </intent-filter>
207            <intent-filter>
207-->[androidx.profileinstaller:profileinstaller:1.3.0] AndroidManifest.xml:49:13-51:29
208                <action android:name="androidx.profileinstaller.action.BENCHMARK_OPERATION" />
208-->[androidx.profileinstaller:profileinstaller:1.3.0] AndroidManifest.xml:50:17-95
208-->[androidx.profileinstaller:profileinstaller:1.3.0] AndroidManifest.xml:50:25-92
209            </intent-filter>
210        </receiver>
211    </application>
212
213</manifest>